INFO:root:Main consloe start!
INFO:root:2018-06-18 15:06:47
INFO:root:Main consloe start! Current time:2018-06-18 15:14:17
INFO:root:Main console start! Current time:2018-06-18 15:34:16
WARNING:root:Main console start! Current time:2018-06-18 15:35:37
WARNING:root:Main console start! Current time:2018-06-18 15:36:20
WARNING:root:Main console start! Current time:2018-06-18 15:40:10
2018-06-18 15:58:09,881 WARNING : Main console start! Current time:2018-06-18 15:58:09
2018-06-18 15:58:29,414 WARNING : Main console start! Current time:2018-06-18 15:58:29
2018-06-18 16:22:38,897 INFO    : Main console start!
2018-06-18 16:22:41,167 INFO    : close Mainwindows!
2018-06-18 16:23:59,157 INFO    : Main console start!
2018-06-18 16:24:01,081 INFO    : close Mainwindows!
2018-06-18 16:24:01,081 INFO    : add 0 xml and 0 shapes
2018-06-18 17:22:04,061 INFO    : Main console start!
2018-06-18 17:22:32,088 INFO    : close Mainwindows!
2018-06-18 17:22:32,088 INFO    : add 0 xml and 0 shapes
2018-06-18 17:23:01,160 INFO    : Main console start!
2018-06-18 17:23:25,796 INFO    : close Mainwindows!
2018-06-18 17:23:25,796 INFO    : add 0 xml and 0 shapes
2018-06-18 17:24:01,719 INFO    : Main console start!
2018-06-18 17:24:45,734 INFO    : close Mainwindows!
2018-06-18 17:24:45,734 INFO    : add 0 xml and 0 shapes
2018-06-18 17:24:54,253 INFO    : close Mainwindows!
2018-06-18 17:24:54,253 INFO    : add 0 xml and 0 shapes
2018-06-18 17:35:19,377 INFO    : Main console start!
2018-06-18 17:35:44,431 INFO    : close Mainwindows!
2018-06-18 17:35:44,433 INFO    : add 0 xml and 0 shapes this time!!!!!!!!!!!!!!!
2018-06-18 17:35:48,332 INFO    : close Mainwindows!
2018-06-18 17:35:48,334 INFO    : add 0 xml and 0 shapes this time!!!!!!!!!!!!!!!
2018-06-18 17:38:31,015 INFO    : Main console start!
2018-06-18 17:38:43,480 INFO    : close Mainwindows!
2018-06-18 17:38:43,480 INFO    : add 0 xml and 0 shapes this time!!!!!!!!!!!!!!!
2018-06-18 17:38:49,700 INFO    : close Mainwindows!
2018-06-18 17:38:49,700 INFO    : add 0 xml and 0 shapes this time!!!!!!!!!!!!!!!
2018-06-18 17:41:10,861 INFO    : Main console start!
2018-06-18 17:41:22,058 INFO    : close Mainwindows!
2018-06-18 17:41:22,058 INFO    : add 0 xml and 1 shapes this time!!!!!!!!!!!!!!!
2018-06-19 16:34:37,591 INFO    : Main console start!
2018-06-19 16:35:58,545 INFO    : close Mainwindows!
2018-06-19 16:35:58,546 INFO    : add 0 xml and 0 shapes this time!!!!!!!!!!!!!!!
2018-06-19 16:36:06,684 INFO    : Main console start!
2018-06-19 16:36:18,913 INFO    : close Mainwindows!
2018-06-19 16:36:18,914 INFO    : add 0 xml and 1 shapes this time!!!!!!!!!!!!!!!
2018-06-19 16:41:16,242 INFO    : Main console start!
2018-06-19 16:41:29,990 INFO    : close Mainwindows!
2018-06-19 16:41:29,990 INFO    : add 1 xml and 1 shapes this time!!!!!!!!!!!!!!!
2018-06-19 16:41:42,667 INFO    : Main console start!
2018-06-19 16:42:12,187 INFO    : close Mainwindows!
2018-06-19 16:42:12,187 INFO    : add 0 xml and 4 shapes this time!!!!!!!!!!!!!!!
2018-06-19 16:42:14,164 INFO    : close Mainwindows!
2018-06-19 16:42:14,164 INFO    : add 1 xml and 4 shapes this time!!!!!!!!!!!!!!!
2018-06-19 16:42:44,667 INFO    : Main console start!
2018-06-19 16:43:08,451 INFO    : close Mainwindows!
2018-06-19 16:43:08,451 INFO    : add 2 xml and 2 shapes this time!!!!!!!!!!!!!!!
2018-06-19 16:43:26,371 INFO    : Main console start!
2018-06-19 16:43:43,039 INFO    : close Mainwindows!
2018-06-19 16:43:43,039 INFO    : add 1 xml and 2 shapes this time!!!!!!!!!!!!!!!
2018-06-19 16:43:54,318 INFO    : Main console start!
2018-06-19 16:43:59,346 INFO    : close Mainwindows!
2018-06-19 16:43:59,348 INFO    : add 0 xml and 0 shapes this time!!!!!!!!!!!!!!!
2018-06-19 16:47:13,950 INFO    : Main console start!
2018-06-19 16:47:24,035 INFO    : close Mainwindows!
2018-06-19 16:47:24,035 INFO    : add 1 xml and 1 shapes this time!!!!!!!!!!!!!!!
2018-06-19 16:48:28,352 INFO    : Main console start!
2018-06-19 16:48:35,940 INFO    : close Mainwindows!
2018-06-19 16:48:35,941 INFO    : add 1 xml and 1 shapes this time!!!!!!!!!!!!!!!
2018-06-19 16:59:32,048 INFO    : Main console start!
2018-06-19 16:59:42,789 INFO    : close Mainwindows!
2018-06-19 16:59:42,789 INFO    : add 0 xml and 1 shapes this time!!!!!!!!!!!!!!!
2018-06-19 16:59:47,006 INFO    : close Mainwindows!
2018-06-19 16:59:47,006 INFO    : add 1 xml and 1 shapes this time!!!!!!!!!!!!!!!
2018-06-19 17:01:10,588 INFO    : Main console start!
2018-06-19 17:01:19,407 INFO    : close Mainwindows!
2018-06-19 17:01:19,407 INFO    : add 1 xml and 1 shapes this time!!!!!!!!!!!!!!!
2018-06-19 17:02:23,851 INFO    : Main console start!
2018-06-19 17:02:31,411 INFO    : close Mainwindows!
2018-06-19 17:02:31,413 INFO    : add 1 xml and 1 shapes this time!!!!!!!!!!!!!!!
2018-06-19 17:03:57,963 INFO    : Main console start!
2018-06-19 17:04:05,844 INFO    : close Mainwindows!
2018-06-19 17:04:05,844 INFO    : add 0 xml and 1 shapes this time!!!!!!!!!!!!!!!
2018-06-19 17:05:03,655 INFO    : Main console start!
2018-06-19 17:05:19,703 INFO    : close Mainwindows!
2018-06-19 17:05:19,703 INFO    : add 2 xml and 3 shapes this time!!!!!!!!!!!!!!!
2018-06-19 17:05:34,335 INFO    : Main console start!
2018-06-19 17:06:08,200 INFO    : close Mainwindows!
2018-06-19 17:06:08,201 INFO    : add 0 xml and 4 shapes this time!!!!!!!!!!!!!!!
2018-06-19 17:06:25,967 INFO    : Main console start!
2018-06-19 17:06:36,237 INFO    : close Mainwindows!
2018-06-19 17:06:36,237 INFO    : add 0 xml and 2 shapes this time!!!!!!!!!!!!!!!
2018-06-19 17:08:48,484 INFO    : Main console start!
2018-06-19 17:24:13,203 INFO    : close Mainwindows!
2018-06-19 17:24:13,203 INFO    : add 0 xml and 3 shapes this time!!!!!!!!!!!!!!!
2018-06-19 17:24:23,424 INFO    : Main console start!
2018-06-19 17:24:35,226 INFO    : close Mainwindows!
2018-06-19 17:24:35,226 INFO    : add 0 xml and 1 shapes this time!!!!!!!!!!!!!!!
2018-06-19 17:27:01,234 INFO    : Main console start!
2018-06-19 17:27:24,299 INFO    : close Mainwindows!
2018-06-19 17:27:24,299 INFO    : add 0 xml and 2 shapes this time!!!!!!!!!!!!!!!
2018-06-19 17:27:48,049 INFO    : Main console start!
2018-06-19 17:27:59,684 INFO    : close Mainwindows!
2018-06-19 17:27:59,686 INFO    : add 0 xml and 2 shapes this time!!!!!!!!!!!!!!!
2018-06-19 17:28:05,325 INFO    : Main console start!
2018-06-19 17:28:16,505 INFO    : close Mainwindows!
2018-06-19 17:28:16,505 INFO    : add 0 xml and 0 shapes this time!!!!!!!!!!!!!!!
2018-06-19 17:29:25,005 INFO    : Main console start!
2018-06-19 17:29:53,474 INFO    : close Mainwindows!
2018-06-19 17:29:53,474 INFO    : add 3 xml and 4 shapes this time!!!!!!!!!!!!!!!
